<?xml version="1.0" encoding="UTF-8"?>
<testsuite name="org.example.service.TodoServiceTest" tests="3" skipped="0" failures="0" errors="0" timestamp="2021-06-04T11:08:46" hostname="DESKTOP-JKSE9B1" time="1.112">
  <properties/>
  <testcase name="searchById()" classname="org.example.service.TodoServiceTest" time="1.091"/>
  <testcase name="searchByIdFailed()" classname="org.example.service.TodoServiceTest" time="0.008"/>
  <testcase name="add()" classname="org.example.service.TodoServiceTest" time="0.01"/>
  <system-out><![CDATA[]]></system-out>
  <system-err><![CDATA[]]></system-err>
</testsuite>
